Reading netlist file: "C:\Users\Philip\Desktop\WalterSOC\WalterSOC\targets\GOWIN\Walter\impl\gwsynthesis\Walter.vg"
Parsing netlist file "C:\Users\Philip\Desktop\WalterSOC\WalterSOC\targets\GOWIN\Walter\impl\gwsynthesis\Walter.vg" completed
WARN  (PA1001) : Dangling net 'lock_o'(source:'rpll_inst') in module 'Gowin_rPLL' has no destination
WARN  (PA1001) : Dangling net 'clkoutp_o'(source:'rpll_inst') in module 'Gowin_rPLL' has no destination
WARN  (PA1001) : Dangling net 'clkoutd_o'(source:'rpll_inst') in module 'Gowin_rPLL' has no destination
WARN  (PA1001) : Dangling net 'clkoutd3_o'(source:'rpll_inst') in module 'Gowin_rPLL' has no destination
WARN  (PA1001) : Dangling net 'DO[7]'(source:'memory_memory_0_0_s') in module 'DualPortBRAM' has no destination
WARN  (PA1001) : Dangling net 'DO[8]'(source:'memory_memory_0_0_s') in module 'DualPortBRAM' has no destination
WARN  (PA1001) : Dangling net 'DO[9]'(source:'memory_memory_0_0_s') in module 'DualPortBRAM' has no destination
WARN  (PA1001) : Dangling net 'DO[10]'(source:'memory_memory_0_0_s') in module 'DualPortBRAM' has no destination
WARN  (PA1001) : Dangling net 'DO[11]'(source:'memory_memory_0_0_s') in module 'DualPortBRAM' has no destination
WARN  (PA1001) : Dangling net 'DO[12]'(source:'memory_memory_0_0_s') in module 'DualPortBRAM' has no destination
WARN  (PA1001) : Dangling net 'DO[13]'(source:'memory_memory_0_0_s') in module 'DualPortBRAM' has no destination
WARN  (PA1001) : Dangling net 'DO[14]'(source:'memory_memory_0_0_s') in module 'DualPortBRAM' has no destination
WARN  (PA1001) : Dangling net 'DO[15]'(source:'memory_memory_0_0_s') in module 'DualPortBRAM' has no destination
WARN  (PA1001) : Dangling net 'DO[16]'(source:'memory_memory_0_0_s') in module 'DualPortBRAM' has no destination
WARN  (PA1001) : Dangling net 'DO[17]'(source:'memory_memory_0_0_s') in module 'DualPortBRAM' has no destination
WARN  (PA1001) : Dangling net 'DO[18]'(source:'memory_memory_0_0_s') in module 'DualPortBRAM' has no destination
WARN  (PA1001) : Dangling net 'DO[19]'(source:'memory_memory_0_0_s') in module 'DualPortBRAM' has no destination
WARN  (PA1001) : Dangling net 'DO[20]'(source:'memory_memory_0_0_s') in module 'DualPortBRAM' has no destination
WARN  (PA1001) : Dangling net 'DO[21]'(source:'memory_memory_0_0_s') in module 'DualPortBRAM' has no destination
WARN  (PA1001) : Dangling net 'DO[22]'(source:'memory_memory_0_0_s') in module 'DualPortBRAM' has no destination
WARN  (PA1001) : Dangling net 'DO[23]'(source:'memory_memory_0_0_s') in module 'DualPortBRAM' has no destination
WARN  (PA1001) : Dangling net 'DO[24]'(source:'memory_memory_0_0_s') in module 'DualPortBRAM' has no destination
WARN  (PA1001) : Dangling net 'DO[25]'(source:'memory_memory_0_0_s') in module 'DualPortBRAM' has no destination
WARN  (PA1001) : Dangling net 'DO[26]'(source:'memory_memory_0_0_s') in module 'DualPortBRAM' has no destination
WARN  (PA1001) : Dangling net 'DO[27]'(source:'memory_memory_0_0_s') in module 'DualPortBRAM' has no destination
WARN  (PA1001) : Dangling net 'DO[28]'(source:'memory_memory_0_0_s') in module 'DualPortBRAM' has no destination
WARN  (PA1001) : Dangling net 'DO[29]'(source:'memory_memory_0_0_s') in module 'DualPortBRAM' has no destination
WARN  (PA1001) : Dangling net 'DO[30]'(source:'memory_memory_0_0_s') in module 'DualPortBRAM' has no destination
WARN  (PA1001) : Dangling net 'DO[31]'(source:'memory_memory_0_0_s') in module 'DualPortBRAM' has no destination
WARN  (PA1001) : Dangling net 'DO[8]'(source:'memory_memory_0_0_s') in module 'ROM_check' has no destination
WARN  (PA1001) : Dangling net 'DO[9]'(source:'memory_memory_0_0_s') in module 'ROM_check' has no destination
WARN  (PA1001) : Dangling net 'DO[10]'(source:'memory_memory_0_0_s') in module 'ROM_check' has no destination
WARN  (PA1001) : Dangling net 'DO[11]'(source:'memory_memory_0_0_s') in module 'ROM_check' has no destination
WARN  (PA1001) : Dangling net 'DO[12]'(source:'memory_memory_0_0_s') in module 'ROM_check' has no destination
WARN  (PA1001) : Dangling net 'DO[13]'(source:'memory_memory_0_0_s') in module 'ROM_check' has no destination
WARN  (PA1001) : Dangling net 'DO[14]'(source:'memory_memory_0_0_s') in module 'ROM_check' has no destination
WARN  (PA1001) : Dangling net 'DO[15]'(source:'memory_memory_0_0_s') in module 'ROM_check' has no destination
WARN  (PA1001) : Dangling net 'DO[16]'(source:'memory_memory_0_0_s') in module 'ROM_check' has no destination
WARN  (PA1001) : Dangling net 'DO[17]'(source:'memory_memory_0_0_s') in module 'ROM_check' has no destination
WARN  (PA1001) : Dangling net 'DO[18]'(source:'memory_memory_0_0_s') in module 'ROM_check' has no destination
WARN  (PA1001) : Dangling net 'DO[19]'(source:'memory_memory_0_0_s') in module 'ROM_check' has no destination
WARN  (PA1001) : Dangling net 'DO[20]'(source:'memory_memory_0_0_s') in module 'ROM_check' has no destination
WARN  (PA1001) : Dangling net 'DO[21]'(source:'memory_memory_0_0_s') in module 'ROM_check' has no destination
WARN  (PA1001) : Dangling net 'DO[22]'(source:'memory_memory_0_0_s') in module 'ROM_check' has no destination
WARN  (PA1001) : Dangling net 'DO[23]'(source:'memory_memory_0_0_s') in module 'ROM_check' has no destination
WARN  (PA1001) : Dangling net 'DO[24]'(source:'memory_memory_0_0_s') in module 'ROM_check' has no destination
WARN  (PA1001) : Dangling net 'DO[25]'(source:'memory_memory_0_0_s') in module 'ROM_check' has no destination
WARN  (PA1001) : Dangling net 'DO[26]'(source:'memory_memory_0_0_s') in module 'ROM_check' has no destination
WARN  (PA1001) : Dangling net 'DO[27]'(source:'memory_memory_0_0_s') in module 'ROM_check' has no destination
WARN  (PA1001) : Dangling net 'DO[28]'(source:'memory_memory_0_0_s') in module 'ROM_check' has no destination
WARN  (PA1001) : Dangling net 'DO[29]'(source:'memory_memory_0_0_s') in module 'ROM_check' has no destination
WARN  (PA1001) : Dangling net 'DO[30]'(source:'memory_memory_0_0_s') in module 'ROM_check' has no destination
WARN  (PA1001) : Dangling net 'DO[31]'(source:'memory_memory_0_0_s') in module 'ROM_check' has no destination
WARN  (PA1001) : Dangling net 'rpll_inst_2_CLKOUTP'(source:'rpll_inst') in module '~rgb2dvi.DVIOut' has no destination
WARN  (PA1001) : Dangling net 'rpll_inst_2_CLKOUTD'(source:'rpll_inst') in module '~rgb2dvi.DVIOut' has no destination
WARN  (PA1001) : Dangling net 'rpll_inst_2_CLKOUTD3'(source:'rpll_inst') in module '~rgb2dvi.DVIOut' has no destination
Processing netlist completed
Reading constraint file: "C:\Users\Philip\Desktop\WalterSOC\WalterSOC\targets\GOWIN\Walter\src\nano_20k.cst"
Physical Constraint parsed completed
Running placement......
[10%] Placement Phase 0 completed
[20%] Placement Phase 1 completed
[30%] Placement Phase 2 completed
[50%] Placement Phase 3 completed
Running routing......
[60%] Routing Phase 0 completed
[70%] Routing Phase 1 completed
[80%] Routing Phase 2 completed
WARN  (PR1014) : Generic routing resource will be used to clock signal 'I_clk_d' by the specified constraint. And then it may lead to the excessive delay or skew
[90%] Routing Phase 3 completed
Running timing analysis......
[95%] Timing analysis completed
Placement and routing completed
Bitstream generation in progress......
Bitstream generation completed
Running power analysis......
[100%] Power analysis completed
Generate file "C:\Users\Philip\Desktop\WalterSOC\WalterSOC\targets\GOWIN\Walter\impl\pnr\Walter.power.html" completed
Generate file "C:\Users\Philip\Desktop\WalterSOC\WalterSOC\targets\GOWIN\Walter\impl\pnr\Walter.pin.html" completed
Generate file "C:\Users\Philip\Desktop\WalterSOC\WalterSOC\targets\GOWIN\Walter\impl\pnr\Walter.rpt.html" completed
Generate file "C:\Users\Philip\Desktop\WalterSOC\WalterSOC\targets\GOWIN\Walter\impl\pnr\Walter.rpt.txt" completed
Generate file "C:\Users\Philip\Desktop\WalterSOC\WalterSOC\targets\GOWIN\Walter\impl\pnr\Walter.tr.html" completed
Sat Jun 17 08:33:57 2023

